<?xml version="1.0" encoding="UTF-8"?>
<!-- Generated by org.testng.reporters.JUnitReportReporter -->
<testsuite skipped="0" hostname="DESKTOP-SGOLO4O" name="com.bdd.runner.ContactTestCase" tests="2" failures="0" timestamp="31 Oct 2021 08:09:57 GMT" time="28.413" errors="0">
  <testcase name="ValidHomeService" time="16.416" classname="com.bdd.runner.ContactTestCase"/>
  <testcase name="bookhomecareService" time="11.997" classname="com.bdd.runner.ContactTestCase"/>
</testsuite> <!-- com.bdd.runner.ContactTestCase -->
